<?xml version="1.0" encoding="UTF-8"?>
<robot generator="Robot 7.0.1 (Python 3.12.5 on win32)" generated="2024-08-24T19:53:39.815159" rpa="false" schemaversion="5">
<suite id="s1" name="Signup" source="C:\QAx\projects\walkdog-robot\testes\signup.robot">
<test id="s1-t1" name="Deve poder cadastrar um dog walker que sabe cuidar de pets" line="60">
<kw name="Start session" owner="base" type="SETUP">
<kw name="New Browser" owner="Browser">
<msg time="2024-08-24T19:53:40.657441" level="INFO">{"browser": "chromium", "headless": false, "chromiumSandbox": false, "devtools": false, "handleSIGHUP": true, "handleSIGINT": true, "handleSIGTERM": true, "slowMo": 0.0, "timeout": 30000.0, "tracesDir": "C:\\QAx\\projects\\walkdog-robot\\logs\\browser\\traces\\02417dfd-5793-4553-9a7e-918c33bcd0ed"}</msg>
<msg time="2024-08-24T19:53:40.977093" level="INFO">Successfully created browser with options: {"browser":"chromium","headless":false,"chromiumSandbox":false,"devtools":false,"handleSIGHUP":true,"handleSIGINT":true,"handleSIGTERM":true,"slowMo":0,"timeout":30000,"tracesDir":"C:\\QAx\\projects\\walkdog-robot\\logs\\browser\\traces\\02417dfd-5793-4553-9a7e-918c33bcd0ed"}</msg>
<arg>browser=chromium</arg>
<arg>headless=False</arg>
<tag>BrowserControl</tag>
<tag>Setter</tag>
<doc>Create a new playwright Browser with specified options.</doc>
<status status="PASS" start="2024-08-24T19:53:40.656446" elapsed="0.320647"/>
</kw>
<kw name="New Page" owner="Browser">
<msg time="2024-08-24T19:53:41.983544" level="INFO">Successfully initialized new page object and opened url: https://walkdog.vercel.app/</msg>
<msg time="2024-08-24T19:53:41.983544" level="INFO">No context was open. New context was automatically opened when this page is created.</msg>
<arg>https://walkdog.vercel.app/</arg>
<tag>BrowserControl</tag>
<tag>Setter</tag>
<doc>Open a new Page.</doc>
<status status="PASS" start="2024-08-24T19:53:40.978094" elapsed="1.005450"/>
</kw>
<kw name="Wait For Elements State" owner="Browser">
<msg time="2024-08-24T19:53:42.036757" level="INFO">Waited for Element with selector css=h1 &gt;&gt; text=Cuidado e diversão em cada passo at state visible</msg>
<arg>css=h1 &gt;&gt; text=Cuidado e diversão em cada passo</arg>
<arg>visible</arg>
<arg>5</arg>
<tag>PageContent</tag>
<tag>Wait</tag>
<doc>Waits for the element found by ``selector`` to satisfy state option.</doc>
<status status="PASS" start="2024-08-24T19:53:41.983544" elapsed="0.053213"/>
</kw>
<status status="PASS" start="2024-08-24T19:53:40.655403" elapsed="1.381354"/>
</kw>
<kw name="Create Dictionary" owner="BuiltIn">
<msg time="2024-08-24T19:53:42.038756" level="INFO">${dog_walker} = {'name': 'Rafael Bertolai', 'email': 'rafaelbertolai2@gmail.com', 'cpf': '00000014141', 'cep': '05564200', 'street': 'Avenida Engenheiro Heitor Antônio Eiras Garcia', 'district': 'Jardim Esmeralda', '...</msg>
<var>${dog_walker}</var>
<arg>name=Rafael Bertolai</arg>
<arg>email=rafaelbertolai2@gmail.com</arg>
<arg>cpf=00000014141</arg>
<arg>cep=05564200</arg>
<arg>street=Avenida Engenheiro Heitor Antônio Eiras Garcia</arg>
<arg>district=Jardim Esmeralda</arg>
<arg>city_uf=São Paulo/SP</arg>
<arg>number=6278</arg>
<arg>details=Casa 6</arg>
<arg>cnh=toretto.jpg</arg>
<arg>additional_service=Cuidar</arg>
<doc>Creates and returns a dictionary based on the given ``items``.</doc>
<status status="PASS" start="2024-08-24T19:53:42.037755" elapsed="0.001001"/>
</kw>
<kw name="Abertura da pagina de cadastro de walkdog" owner="signup">
<kw name="Click" owner="Browser">
<msg time="2024-08-24T19:53:42.039754" level="INFO">Clicks the element 'css=a[href="/signup"]'.</msg>
<arg>css=a[href="/signup"]</arg>
<tag>PageContent</tag>
<tag>Setter</tag>
<doc>Simulates mouse click on the element found by ``selector``.</doc>
<status status="PASS" start="2024-08-24T19:53:42.038756" elapsed="0.107753"/>
</kw>
<kw name="Wait For Elements State" owner="Browser">
<msg time="2024-08-24T19:53:42.167521" level="INFO">Waited for Element with selector form h1 at state visible</msg>
<arg>form h1</arg>
<arg>visible</arg>
<arg>5000</arg>
<tag>PageContent</tag>
<tag>Wait</tag>
<doc>Waits for the element found by ``selector`` to satisfy state option.</doc>
<status status="PASS" start="2024-08-24T19:53:42.147510" elapsed="0.021027"/>
</kw>
<kw name="Get Text" owner="Browser">
<msg time="2024-08-24T19:53:42.224898" level="INFO">Text: 'Faça seu cadastro'</msg>
<arg>form h1</arg>
<arg>equal</arg>
<arg>Faça seu cadastro</arg>
<tag>Assertion</tag>
<tag>Getter</tag>
<tag>PageContent</tag>
<doc>Returns text attribute of the element found by ``selector``.</doc>
<status status="PASS" start="2024-08-24T19:53:42.168537" elapsed="0.056470"/>
</kw>
<status status="PASS" start="2024-08-24T19:53:42.038756" elapsed="0.186251"/>
</kw>
<kw name="Preencher os dados do formulario" owner="signup">
<kw name="Fill Text" owner="Browser">
<msg time="2024-08-24T19:53:42.228013" level="INFO">Fills the text 'Rafael Bertolai' in the given field.</msg>
<arg>css=input[name=name]</arg>
<arg>${dog_walker}[name]</arg>
<tag>PageContent</tag>
<tag>Setter</tag>
<doc>Clears and fills the given ``txt`` into the text field found by ``selector``.</doc>
<status status="PASS" start="2024-08-24T19:53:42.227029" elapsed="0.033672"/>
</kw>
<kw name="Fill Text" owner="Browser">
<msg time="2024-08-24T19:53:42.261683" level="INFO">Fills the text 'rafaelbertolai2@gmail.com' in the given field.</msg>
<arg>css=input[name=email]</arg>
<arg>${dog_walker}[email]</arg>
<tag>PageContent</tag>
<tag>Setter</tag>
<doc>Clears and fills the given ``txt`` into the text field found by ``selector``.</doc>
<status status="PASS" start="2024-08-24T19:53:42.260701" elapsed="0.029550"/>
</kw>
<kw name="Fill Text" owner="Browser">
<msg time="2024-08-24T19:53:42.291263" level="INFO">Fills the text '00000014141' in the given field.</msg>
<arg>css=input[name=cpf]</arg>
<arg>${dog_walker}[cpf]</arg>
<tag>PageContent</tag>
<tag>Setter</tag>
<doc>Clears and fills the given ``txt`` into the text field found by ``selector``.</doc>
<status status="PASS" start="2024-08-24T19:53:42.290251" elapsed="0.021171"/>
</kw>
<kw name="Fill Text" owner="Browser">
<msg time="2024-08-24T19:53:42.312421" level="INFO">Fills the text '05564200' in the given field.</msg>
<arg>css=input[name=cep]</arg>
<arg>${dog_walker}[cep]</arg>
<tag>PageContent</tag>
<tag>Setter</tag>
<doc>Clears and fills the given ``txt`` into the text field found by ``selector``.</doc>
<status status="PASS" start="2024-08-24T19:53:42.311422" elapsed="0.019409"/>
</kw>
<kw name="Click" owner="Browser">
<msg time="2024-08-24T19:53:42.331831" level="INFO">Clicks the element 'css=input[type=button][value$=CEP]'.</msg>
<arg>css=input[type=button][value$=CEP]</arg>
<tag>PageContent</tag>
<tag>Setter</tag>
<doc>Simulates mouse click on the element found by ``selector``.</doc>
<status status="PASS" start="2024-08-24T19:53:42.331831" elapsed="0.062471"/>
</kw>
<kw name="Get Property" owner="Browser">
<msg time="2024-08-24T19:53:42.852282" level="INFO">Property: 'Avenida Engenheiro Heitor Antônio Eiras Garcia'</msg>
<arg>css=input[name=addressStreet]</arg>
<arg>value</arg>
<arg>equal</arg>
<arg>${dog_walker}[street]</arg>
<tag>Assertion</tag>
<tag>Getter</tag>
<tag>PageContent</tag>
<doc>Returns the ``property`` of the element found by ``selector``.</doc>
<status status="PASS" start="2024-08-24T19:53:42.394302" elapsed="0.457980"/>
</kw>
<kw name="Get Property" owner="Browser">
<msg time="2024-08-24T19:53:42.871485" level="INFO">Property: 'Jardim Esmeralda'</msg>
<arg>css=input[name=addressDistrict]</arg>
<arg>value</arg>
<arg>equal</arg>
<arg>${dog_walker}[district]</arg>
<tag>Assertion</tag>
<tag>Getter</tag>
<tag>PageContent</tag>
<doc>Returns the ``property`` of the element found by ``selector``.</doc>
<status status="PASS" start="2024-08-24T19:53:42.853293" elapsed="0.018192"/>
</kw>
<kw name="Get Property" owner="Browser">
<msg time="2024-08-24T19:53:42.886356" level="INFO">Property: 'São Paulo/SP'</msg>
<arg>css=input[name=addressCityUf]</arg>
<arg>value</arg>
<arg>equal</arg>
<arg>${dog_walker}[city_uf]</arg>
<tag>Assertion</tag>
<tag>Getter</tag>
<tag>PageContent</tag>
<doc>Returns the ``property`` of the element found by ``selector``.</doc>
<status status="PASS" start="2024-08-24T19:53:42.872501" elapsed="0.013855"/>
</kw>
<kw name="Fill Text" owner="Browser">
<msg time="2024-08-24T19:53:42.887357" level="INFO">Fills the text '6278' in the given field.</msg>
<arg>css=input[name=addressNumber]</arg>
<arg>${dog_walker}[number]</arg>
<tag>PageContent</tag>
<tag>Setter</tag>
<doc>Clears and fills the given ``txt`` into the text field found by ``selector``.</doc>
<status status="PASS" start="2024-08-24T19:53:42.887357" elapsed="0.021000"/>
</kw>
<kw name="Fill Text" owner="Browser">
<msg time="2024-08-24T19:53:42.910360" level="INFO">Fills the text 'Casa 6' in the given field.</msg>
<arg>css=input[name=addressDetails]</arg>
<arg>${dog_walker}[details]</arg>
<tag>PageContent</tag>
<tag>Setter</tag>
<doc>Clears and fills the given ``txt`` into the text field found by ``selector``.</doc>
<status status="PASS" start="2024-08-24T19:53:42.908357" elapsed="0.020003"/>
</kw>
<kw name="Click" owner="Browser">
<msg time="2024-08-24T19:53:42.929395" level="INFO">Clicks the element 'xpath=//span[text()="Cuidar"]/..'.</msg>
<arg>xpath=//span[text()="${dog_walker}[additional_service]"]/..</arg>
<tag>PageContent</tag>
<tag>Setter</tag>
<doc>Simulates mouse click on the element found by ``selector``.</doc>
<status status="PASS" start="2024-08-24T19:53:42.928360" elapsed="0.056428"/>
</kw>
<kw name="Take Screenshot" owner="Browser">
<msg time="2024-08-24T19:53:43.119230" level="INFO" html="true">&lt;/td&gt;&lt;/tr&gt;&lt;tr&gt;&lt;td colspan="3"&gt;&lt;a href="browser/screenshot/robotframework-browser-screenshot-1.png" target="_blank"&gt;&lt;img src="browser/screenshot/robotframework-browser-screenshot-1.png" width="800px"/&gt;&lt;/a&gt;</msg>
<arg>selector=//span[text()="${dog_walker}[additional_service]"]/..</arg>
<tag>PageContent</tag>
<doc>Takes a screenshot of the current window or element and saves it to disk.</doc>
<status status="PASS" start="2024-08-24T19:53:42.984788" elapsed="0.134442"/>
</kw>
<kw name="Upload File By Selector" owner="Browser">
<arg>css=input[type=file]</arg>
<arg>${EXECDIR}/resources/fixtures/${dog_walker}[cnh]</arg>
<tag>PageContent</tag>
<tag>Setter</tag>
<doc>Uploads file from `path` to file input element matched by selector.</doc>
<status status="PASS" start="2024-08-24T19:53:43.119230" elapsed="0.036992"/>
</kw>
<arg>${dog_walker}</arg>
<status status="PASS" start="2024-08-24T19:53:42.226040" elapsed="0.930182"/>
</kw>
<kw name="Enviar formulario" owner="signup">
<kw name="Click" owner="Browser">
<msg time="2024-08-24T19:53:43.159232" level="INFO">Clicks the element 'css=.button-register'.</msg>
<arg>css=.button-register</arg>
<tag>PageContent</tag>
<tag>Setter</tag>
<doc>Simulates mouse click on the element found by ``selector``.</doc>
<status status="PASS" start="2024-08-24T19:53:43.158220" elapsed="0.087304"/>
</kw>
<status status="PASS" start="2024-08-24T19:53:43.157221" elapsed="0.088303"/>
</kw>
<kw name="Validar mensagem de sucesso" owner="signup">
<kw name="Wait For Elements State" owner="Browser">
<msg time="2024-08-24T19:53:44.083782" level="INFO">Waited for Element with selector css=#swal2-html-container at state visible</msg>
<arg>css=#swal2-html-container</arg>
<arg>visible</arg>
<arg>5</arg>
<tag>PageContent</tag>
<tag>Wait</tag>
<doc>Waits for the element found by ``selector`` to satisfy state option.</doc>
<status status="PASS" start="2024-08-24T19:53:43.246529" elapsed="0.838254"/>
</kw>
<kw name="Get Text" owner="Browser">
<msg time="2024-08-24T19:53:44.113696" level="INFO">Text: 'Recebemos o seu cadastro e em breve retornaremos o contato.'</msg>
<arg>css=#swal2-html-container</arg>
<arg>equal</arg>
<arg>${sucessMessage}</arg>
<tag>Assertion</tag>
<tag>Getter</tag>
<tag>PageContent</tag>
<doc>Returns text attribute of the element found by ``selector``.</doc>
<status status="PASS" start="2024-08-24T19:53:44.084783" elapsed="0.028913"/>
</kw>
<arg>Recebemos o seu cadastro e em breve retornaremos o contato.</arg>
<status status="PASS" start="2024-08-24T19:53:43.246529" elapsed="0.868164"/>
</kw>
<kw name="Finish session" owner="base" type="TEARDOWN">
<kw name="Take Screenshot" owner="Browser">
<msg time="2024-08-24T19:53:44.375336" level="INFO" html="true">&lt;/td&gt;&lt;/tr&gt;&lt;tr&gt;&lt;td colspan="3"&gt;&lt;a href="browser/screenshot/robotframework-browser-screenshot-2.png" target="_blank"&gt;&lt;img src="browser/screenshot/robotframework-browser-screenshot-2.png" width="800px"/&gt;&lt;/a&gt;</msg>
<arg>fullPage=True</arg>
<tag>PageContent</tag>
<doc>Takes a screenshot of the current window or element and saves it to disk.</doc>
<status status="PASS" start="2024-08-24T19:53:44.114693" elapsed="0.261654"/>
</kw>
<status status="PASS" start="2024-08-24T19:53:44.114693" elapsed="0.261654"/>
</kw>
<tag>aservice</tag>
<status status="PASS" start="2024-08-24T19:53:40.652308" elapsed="3.724039"/>
</test>
<test id="s1-t2" name="Deve poder cadastrar um dog walker que sabe adestrar pets" line="81">
<kw name="Start session" owner="base" type="SETUP">
<kw name="New Browser" owner="Browser">
<msg time="2024-08-24T19:53:44.535099" level="INFO">Switching browser to browser=8846fd63-e607-4e81-840e-e275779ed79b</msg>
<msg time="2024-08-24T19:53:44.539280" level="INFO">Successfully changed active browser: browser=8846fd63-e607-4e81-840e-e275779ed79b</msg>
<msg time="2024-08-24T19:53:44.539280" level="INFO">Reusing existing browser with id: browser=8846fd63-e607-4e81-840e-e275779ed79b</msg>
<arg>browser=chromium</arg>
<arg>headless=False</arg>
<tag>BrowserControl</tag>
<tag>Setter</tag>
<doc>Create a new playwright Browser with specified options.</doc>
<status status="PASS" start="2024-08-24T19:53:44.534097" elapsed="0.005183"/>
</kw>
<kw name="New Page" owner="Browser">
<msg time="2024-08-24T19:53:45.537599" level="INFO">Successfully initialized new page object and opened url: https://walkdog.vercel.app/</msg>
<msg time="2024-08-24T19:53:45.537599" level="INFO">No context was open. New context was automatically opened when this page is created.</msg>
<arg>https://walkdog.vercel.app/</arg>
<tag>BrowserControl</tag>
<tag>Setter</tag>
<doc>Open a new Page.</doc>
<status status="PASS" start="2024-08-24T19:53:44.539280" elapsed="0.998319"/>
</kw>
<kw name="Wait For Elements State" owner="Browser">
<msg time="2024-08-24T19:53:45.597142" level="INFO">Waited for Element with selector css=h1 &gt;&gt; text=Cuidado e diversão em cada passo at state visible</msg>
<arg>css=h1 &gt;&gt; text=Cuidado e diversão em cada passo</arg>
<arg>visible</arg>
<arg>5</arg>
<tag>PageContent</tag>
<tag>Wait</tag>
<doc>Waits for the element found by ``selector`` to satisfy state option.</doc>
<status status="PASS" start="2024-08-24T19:53:45.538595" elapsed="0.059545"/>
</kw>
<status status="PASS" start="2024-08-24T19:53:44.533101" elapsed="1.065039"/>
</kw>
<kw name="Create Dictionary" owner="BuiltIn">
<msg time="2024-08-24T19:53:45.599144" level="INFO">${dog_walker} = {'name': 'Rafael Bertolai', 'email': 'rafaelbertolai2@gmail.com', 'cpf': '00000014141', 'cep': '05564200', 'street': 'Avenida Engenheiro Heitor Antônio Eiras Garcia', 'district': 'Jardim Esmeralda', '...</msg>
<var>${dog_walker}</var>
<arg>name=Rafael Bertolai</arg>
<arg>email=rafaelbertolai2@gmail.com</arg>
<arg>cpf=00000014141</arg>
<arg>cep=05564200</arg>
<arg>street=Avenida Engenheiro Heitor Antônio Eiras Garcia</arg>
<arg>district=Jardim Esmeralda</arg>
<arg>city_uf=São Paulo/SP</arg>
<arg>number=6278</arg>
<arg>details=Casa 6</arg>
<arg>cnh=toretto.jpg</arg>
<arg>additional_service=Adestrar</arg>
<doc>Creates and returns a dictionary based on the given ``items``.</doc>
<status status="PASS" start="2024-08-24T19:53:45.598140" elapsed="0.001004"/>
</kw>
<kw name="Abertura da pagina de cadastro de walkdog" owner="signup">
<kw name="Click" owner="Browser">
<msg time="2024-08-24T19:53:45.601140" level="INFO">Clicks the element 'css=a[href="/signup"]'.</msg>
<arg>css=a[href="/signup"]</arg>
<tag>PageContent</tag>
<tag>Setter</tag>
<doc>Simulates mouse click on the element found by ``selector``.</doc>
<status status="PASS" start="2024-08-24T19:53:45.600137" elapsed="0.098499"/>
</kw>
<kw name="Wait For Elements State" owner="Browser">
<msg time="2024-08-24T19:53:45.726891" level="INFO">Waited for Element with selector form h1 at state visible</msg>
<arg>form h1</arg>
<arg>visible</arg>
<arg>5000</arg>
<tag>PageContent</tag>
<tag>Wait</tag>
<doc>Waits for the element found by ``selector`` to satisfy state option.</doc>
<status status="PASS" start="2024-08-24T19:53:45.699887" elapsed="0.027004"/>
</kw>
<kw name="Get Text" owner="Browser">
<msg time="2024-08-24T19:53:45.798479" level="INFO">Text: 'Faça seu cadastro'</msg>
<arg>form h1</arg>
<arg>equal</arg>
<arg>Faça seu cadastro</arg>
<tag>Assertion</tag>
<tag>Getter</tag>
<tag>PageContent</tag>
<doc>Returns text attribute of the element found by ``selector``.</doc>
<status status="PASS" start="2024-08-24T19:53:45.727892" elapsed="0.070587"/>
</kw>
<status status="PASS" start="2024-08-24T19:53:45.599144" elapsed="0.199335"/>
</kw>
<kw name="Preencher os dados do formulario" owner="signup">
<kw name="Fill Text" owner="Browser">
<msg time="2024-08-24T19:53:45.801476" level="INFO">Fills the text 'Rafael Bertolai' in the given field.</msg>
<arg>css=input[name=name]</arg>
<arg>${dog_walker}[name]</arg>
<tag>PageContent</tag>
<tag>Setter</tag>
<doc>Clears and fills the given ``txt`` into the text field found by ``selector``.</doc>
<status status="PASS" start="2024-08-24T19:53:45.800503" elapsed="0.031417"/>
</kw>
<kw name="Fill Text" owner="Browser">
<msg time="2024-08-24T19:53:45.832902" level="INFO">Fills the text 'rafaelbertolai2@gmail.com' in the given field.</msg>
<arg>css=input[name=email]</arg>
<arg>${dog_walker}[email]</arg>
<tag>PageContent</tag>
<tag>Setter</tag>
<doc>Clears and fills the given ``txt`` into the text field found by ``selector``.</doc>
<status status="PASS" start="2024-08-24T19:53:45.831920" elapsed="0.027447"/>
</kw>
<kw name="Fill Text" owner="Browser">
<msg time="2024-08-24T19:53:45.860373" level="INFO">Fills the text '00000014141' in the given field.</msg>
<arg>css=input[name=cpf]</arg>
<arg>${dog_walker}[cpf]</arg>
<tag>PageContent</tag>
<tag>Setter</tag>
<doc>Clears and fills the given ``txt`` into the text field found by ``selector``.</doc>
<status status="PASS" start="2024-08-24T19:53:45.860373" elapsed="0.024156"/>
</kw>
<kw name="Fill Text" owner="Browser">
<msg time="2024-08-24T19:53:45.887069" level="INFO">Fills the text '05564200' in the given field.</msg>
<arg>css=input[name=cep]</arg>
<arg>${dog_walker}[cep]</arg>
<tag>PageContent</tag>
<tag>Setter</tag>
<doc>Clears and fills the given ``txt`` into the text field found by ``selector``.</doc>
<status status="PASS" start="2024-08-24T19:53:45.884529" elapsed="0.019548"/>
</kw>
<kw name="Click" owner="Browser">
<msg time="2024-08-24T19:53:45.905108" level="INFO">Clicks the element 'css=input[type=button][value$=CEP]'.</msg>
<arg>css=input[type=button][value$=CEP]</arg>
<tag>PageContent</tag>
<tag>Setter</tag>
<doc>Simulates mouse click on the element found by ``selector``.</doc>
<status status="PASS" start="2024-08-24T19:53:45.904077" elapsed="0.050346"/>
</kw>
<kw name="Get Property" owner="Browser">
<msg time="2024-08-24T19:53:46.394322" level="INFO">Property: 'Avenida Engenheiro Heitor Antônio Eiras Garcia'</msg>
<arg>css=input[name=addressStreet]</arg>
<arg>value</arg>
<arg>equal</arg>
<arg>${dog_walker}[street]</arg>
<tag>Assertion</tag>
<tag>Getter</tag>
<tag>PageContent</tag>
<doc>Returns the ``property`` of the element found by ``selector``.</doc>
<status status="PASS" start="2024-08-24T19:53:45.954423" elapsed="0.439899"/>
</kw>
<kw name="Get Property" owner="Browser">
<msg time="2024-08-24T19:53:46.407286" level="INFO">Property: 'Jardim Esmeralda'</msg>
<arg>css=input[name=addressDistrict]</arg>
<arg>value</arg>
<arg>equal</arg>
<arg>${dog_walker}[district]</arg>
<tag>Assertion</tag>
<tag>Getter</tag>
<tag>PageContent</tag>
<doc>Returns the ``property`` of the element found by ``selector``.</doc>
<status status="PASS" start="2024-08-24T19:53:46.394322" elapsed="0.012964"/>
</kw>
<kw name="Get Property" owner="Browser">
<msg time="2024-08-24T19:53:46.421286" level="INFO">Property: 'São Paulo/SP'</msg>
<arg>css=input[name=addressCityUf]</arg>
<arg>value</arg>
<arg>equal</arg>
<arg>${dog_walker}[city_uf]</arg>
<tag>Assertion</tag>
<tag>Getter</tag>
<tag>PageContent</tag>
<doc>Returns the ``property`` of the element found by ``selector``.</doc>
<status status="PASS" start="2024-08-24T19:53:46.407286" elapsed="0.014000"/>
</kw>
<kw name="Fill Text" owner="Browser">
<msg time="2024-08-24T19:53:46.422286" level="INFO">Fills the text '6278' in the given field.</msg>
<arg>css=input[name=addressNumber]</arg>
<arg>${dog_walker}[number]</arg>
<tag>PageContent</tag>
<tag>Setter</tag>
<doc>Clears and fills the given ``txt`` into the text field found by ``selector``.</doc>
<status status="PASS" start="2024-08-24T19:53:46.421286" elapsed="0.018998"/>
</kw>
<kw name="Fill Text" owner="Browser">
<msg time="2024-08-24T19:53:46.440284" level="INFO">Fills the text 'Casa 6' in the given field.</msg>
<arg>css=input[name=addressDetails]</arg>
<arg>${dog_walker}[details]</arg>
<tag>PageContent</tag>
<tag>Setter</tag>
<doc>Clears and fills the given ``txt`` into the text field found by ``selector``.</doc>
<status status="PASS" start="2024-08-24T19:53:46.440284" elapsed="0.017259"/>
</kw>
<kw name="Click" owner="Browser">
<msg time="2024-08-24T19:53:46.458576" level="INFO">Clicks the element 'xpath=//span[text()="Adestrar"]/..'.</msg>
<arg>xpath=//span[text()="${dog_walker}[additional_service]"]/..</arg>
<tag>PageContent</tag>
<tag>Setter</tag>
<doc>Simulates mouse click on the element found by ``selector``.</doc>
<status status="PASS" start="2024-08-24T19:53:46.457543" elapsed="0.055907"/>
</kw>
<kw name="Take Screenshot" owner="Browser">
<msg time="2024-08-24T19:53:46.652140" level="INFO" html="true">&lt;/td&gt;&lt;/tr&gt;&lt;tr&gt;&lt;td colspan="3"&gt;&lt;a href="browser/screenshot/robotframework-browser-screenshot-3.png" target="_blank"&gt;&lt;img src="browser/screenshot/robotframework-browser-screenshot-3.png" width="800px"/&gt;&lt;/a&gt;</msg>
<arg>selector=//span[text()="${dog_walker}[additional_service]"]/..</arg>
<tag>PageContent</tag>
<doc>Takes a screenshot of the current window or element and saves it to disk.</doc>
<status status="PASS" start="2024-08-24T19:53:46.513450" elapsed="0.138690"/>
</kw>
<kw name="Upload File By Selector" owner="Browser">
<arg>css=input[type=file]</arg>
<arg>${EXECDIR}/resources/fixtures/${dog_walker}[cnh]</arg>
<tag>PageContent</tag>
<tag>Setter</tag>
<doc>Uploads file from `path` to file input element matched by selector.</doc>
<status status="PASS" start="2024-08-24T19:53:46.653141" elapsed="0.042633"/>
</kw>
<arg>${dog_walker}</arg>
<status status="PASS" start="2024-08-24T19:53:45.799477" elapsed="0.896297"/>
</kw>
<kw name="Enviar formulario" owner="signup">
<kw name="Click" owner="Browser">
<msg time="2024-08-24T19:53:46.698770" level="INFO">Clicks the element 'css=.button-register'.</msg>
<arg>css=.button-register</arg>
<tag>PageContent</tag>
<tag>Setter</tag>
<doc>Simulates mouse click on the element found by ``selector``.</doc>
<status status="PASS" start="2024-08-24T19:53:46.697773" elapsed="0.058516"/>
</kw>
<status status="PASS" start="2024-08-24T19:53:46.696774" elapsed="0.059515"/>
</kw>
<kw name="Validar mensagem de sucesso" owner="signup">
<kw name="Wait For Elements State" owner="Browser">
<msg time="2024-08-24T19:53:47.087591" level="INFO">Waited for Element with selector css=#swal2-html-container at state visible</msg>
<arg>css=#swal2-html-container</arg>
<arg>visible</arg>
<arg>5</arg>
<tag>PageContent</tag>
<tag>Wait</tag>
<doc>Waits for the element found by ``selector`` to satisfy state option.</doc>
<status status="PASS" start="2024-08-24T19:53:46.758311" elapsed="0.329280"/>
</kw>
<kw name="Get Text" owner="Browser">
<msg time="2024-08-24T19:53:47.126132" level="INFO">Text: 'Recebemos o seu cadastro e em breve retornaremos o contato.'</msg>
<arg>css=#swal2-html-container</arg>
<arg>equal</arg>
<arg>${sucessMessage}</arg>
<tag>Assertion</tag>
<tag>Getter</tag>
<tag>PageContent</tag>
<doc>Returns text attribute of the element found by ``selector``.</doc>
<status status="PASS" start="2024-08-24T19:53:47.088606" elapsed="0.037526"/>
</kw>
<arg>Recebemos o seu cadastro e em breve retornaremos o contato.</arg>
<status status="PASS" start="2024-08-24T19:53:46.757298" elapsed="0.369829"/>
</kw>
<kw name="Finish session" owner="base" type="TEARDOWN">
<kw name="Take Screenshot" owner="Browser">
<msg time="2024-08-24T19:53:47.382880" level="INFO" html="true">&lt;/td&gt;&lt;/tr&gt;&lt;tr&gt;&lt;td colspan="3"&gt;&lt;a href="browser/screenshot/robotframework-browser-screenshot-4.png" target="_blank"&gt;&lt;img src="browser/screenshot/robotframework-browser-screenshot-4.png" width="800px"/&gt;&lt;/a&gt;</msg>
<arg>fullPage=True</arg>
<tag>PageContent</tag>
<doc>Takes a screenshot of the current window or element and saves it to disk.</doc>
<status status="PASS" start="2024-08-24T19:53:47.127127" elapsed="0.255753"/>
</kw>
<status status="PASS" start="2024-08-24T19:53:47.127127" elapsed="0.256753"/>
</kw>
<tag>aservice</tag>
<status status="PASS" start="2024-08-24T19:53:44.522100" elapsed="2.861780"/>
</test>
<doc>Suite de testes de cadastro de dog walker</doc>
<status status="PASS" start="2024-08-24T19:53:39.816123" elapsed="7.651228"/>
</suite>
<statistics>
<total>
<stat pass="2" fail="0" skip="0">All Tests</stat>
</total>
<tag>
<stat pass="2" fail="0" skip="0">aservice</stat>
</tag>
<suite>
<stat pass="2" fail="0" skip="0" id="s1" name="Signup">Signup</stat>
</suite>
</statistics>
<errors>
</errors>
</robot>
