<?xml version="1.0" encoding="UTF-8"?>
<robot generator="Robot 7.0.1 (Python 3.12.5 on win32)" generated="2024-08-24T09:31:45.550590" rpa="false" schemaversion="5">
<suite id="s1" name="Signup" source="C:\QAx\projects\walkdog-robot\testes\signup.robot">
<test id="s1-t1" name="Não deve cadastrar se os campos obrigatórios não forem preenchidos" line="28">
<kw name="Start session" owner="base">
<kw name="New Browser" owner="Browser">
<msg time="2024-08-24T09:31:47.014010" level="INFO">{"browser": "chromium", "headless": false, "chromiumSandbox": false, "devtools": false, "handleSIGHUP": true, "handleSIGINT": true, "handleSIGTERM": true, "slowMo": 0.0, "timeout": 30000.0, "tracesDir": "C:\\QAx\\projects\\walkdog-robot\\logs\\browser\\traces\\ac10fd58-5d02-4781-bcb5-da2ecc826e4f"}</msg>
<msg time="2024-08-24T09:31:47.908356" level="INFO">Successfully created browser with options: {"browser":"chromium","headless":false,"chromiumSandbox":false,"devtools":false,"handleSIGHUP":true,"handleSIGINT":true,"handleSIGTERM":true,"slowMo":0,"timeout":30000,"tracesDir":"C:\\QAx\\projects\\walkdog-robot\\logs\\browser\\traces\\ac10fd58-5d02-4781-bcb5-da2ecc826e4f"}</msg>
<arg>browser=chromium</arg>
<arg>headless=False</arg>
<tag>BrowserControl</tag>
<tag>Setter</tag>
<doc>Create a new playwright Browser with specified options.</doc>
<status status="PASS" start="2024-08-24T09:31:47.014010" elapsed="0.894346"/>
</kw>
<kw name="New Page" owner="Browser">
<msg time="2024-08-24T09:31:49.015892" level="INFO">Successfully initialized new page object and opened url: https://walkdog.vercel.app/</msg>
<msg time="2024-08-24T09:31:49.015892" level="INFO">No context was open. New context was automatically opened when this page is created.</msg>
<arg>https://walkdog.vercel.app/</arg>
<tag>BrowserControl</tag>
<tag>Setter</tag>
<doc>Open a new Page.</doc>
<status status="PASS" start="2024-08-24T09:31:47.908356" elapsed="1.107536"/>
</kw>
<kw name="Wait For Elements State" owner="Browser">
<msg time="2024-08-24T09:31:49.103552" level="INFO">Waited for Element with selector css=h1 &gt;&gt; text=Cuidado e diversão em cada passo at state visible</msg>
<arg>css=h1 &gt;&gt; text=Cuidado e diversão em cada passo</arg>
<arg>visible</arg>
<arg>5</arg>
<tag>PageContent</tag>
<tag>Wait</tag>
<doc>Waits for the element found by ``selector`` to satisfy state option.</doc>
<status status="PASS" start="2024-08-24T09:31:49.015892" elapsed="0.087660"/>
</kw>
<status status="PASS" start="2024-08-24T09:31:46.998343" elapsed="2.105209"/>
</kw>
<kw name="Abertura da pagina de cadastro de walkdog" owner="signup">
<kw name="Click" owner="Browser">
<msg time="2024-08-24T09:31:49.103552" level="INFO">Clicks the element 'css=a[href="/signup"]'.</msg>
<arg>css=a[href="/signup"]</arg>
<tag>PageContent</tag>
<tag>Setter</tag>
<doc>Simulates mouse click on the element found by ``selector``.</doc>
<status status="PASS" start="2024-08-24T09:31:49.103552" elapsed="0.140387"/>
</kw>
<kw name="Wait For Elements State" owner="Browser">
<msg time="2024-08-24T09:31:49.266267" level="INFO">Waited for Element with selector form h1 at state visible</msg>
<arg>form h1</arg>
<arg>visible</arg>
<arg>5000</arg>
<tag>PageContent</tag>
<tag>Wait</tag>
<doc>Waits for the element found by ``selector`` to satisfy state option.</doc>
<status status="PASS" start="2024-08-24T09:31:49.244952" elapsed="0.021315"/>
</kw>
<kw name="Get Text" owner="Browser">
<msg time="2024-08-24T09:31:49.338858" level="INFO">Text: 'Faça seu cadastro'</msg>
<arg>form h1</arg>
<arg>equal</arg>
<arg>Faça seu cadastro</arg>
<tag>Assertion</tag>
<tag>Getter</tag>
<tag>PageContent</tag>
<doc>Returns text attribute of the element found by ``selector``.</doc>
<status status="PASS" start="2024-08-24T09:31:49.266267" elapsed="0.073580"/>
</kw>
<status status="PASS" start="2024-08-24T09:31:49.103552" elapsed="0.236295"/>
</kw>
<kw name="Enviar formulario" owner="signup">
<kw name="Click" owner="Browser">
<msg time="2024-08-24T09:31:49.340849" level="INFO">Clicks the element 'css=.button-register'.</msg>
<arg>css=.button-register</arg>
<tag>PageContent</tag>
<tag>Setter</tag>
<doc>Simulates mouse click on the element found by ``selector``.</doc>
<status status="PASS" start="2024-08-24T09:31:49.340849" elapsed="0.072639"/>
</kw>
<status status="PASS" start="2024-08-24T09:31:49.339847" elapsed="0.073641"/>
</kw>
<kw name="Wait For Elements State" owner="Browser">
<msg time="2024-08-24T09:31:49.430518" level="INFO">Waited for Element with selector css=.alert-error &gt;&gt; text=Informe o seu nome completo at state visible</msg>
<arg>css=.alert-error &gt;&gt; text=Informe o seu nome completo</arg>
<arg>visible</arg>
<arg>5</arg>
<tag>PageContent</tag>
<tag>Wait</tag>
<doc>Waits for the element found by ``selector`` to satisfy state option.</doc>
<status status="PASS" start="2024-08-24T09:31:49.413488" elapsed="0.017030"/>
</kw>
<kw name="Wait For Elements State" owner="Browser">
<msg time="2024-08-24T09:31:49.435855" level="INFO">Waited for Element with selector css=.alert-error &gt;&gt; text=Informe o seu melhor email at state visible</msg>
<arg>css=.alert-error &gt;&gt; text=Informe o seu melhor email</arg>
<arg>visible</arg>
<arg>5</arg>
<tag>PageContent</tag>
<tag>Wait</tag>
<doc>Waits for the element found by ``selector`` to satisfy state option.</doc>
<status status="PASS" start="2024-08-24T09:31:49.431027" elapsed="0.004828"/>
</kw>
<kw name="Wait For Elements State" owner="Browser">
<msg time="2024-08-24T09:31:49.450864" level="INFO">Waited for Element with selector css=.alert-error &gt;&gt; text=Informe o seu CPF at state visible</msg>
<arg>css=.alert-error &gt;&gt; text=Informe o seu CPF</arg>
<arg>visible</arg>
<arg>5</arg>
<tag>PageContent</tag>
<tag>Wait</tag>
<doc>Waits for the element found by ``selector`` to satisfy state option.</doc>
<status status="PASS" start="2024-08-24T09:31:49.435855" elapsed="0.015009"/>
</kw>
<kw name="Wait For Elements State" owner="Browser">
<msg time="2024-08-24T09:31:49.466499" level="INFO">Waited for Element with selector css=.alert-error &gt;&gt; text=Informe o seu CEP at state visible</msg>
<arg>css=.alert-error &gt;&gt; text=Informe o seu CEP</arg>
<arg>visible</arg>
<arg>5</arg>
<tag>PageContent</tag>
<tag>Wait</tag>
<doc>Waits for the element found by ``selector`` to satisfy state option.</doc>
<status status="PASS" start="2024-08-24T09:31:49.450864" elapsed="0.015635"/>
</kw>
<kw name="Wait For Elements State" owner="Browser">
<msg time="2024-08-24T09:31:49.485459" level="INFO">Waited for Element with selector css=.alert-error &gt;&gt; text=Informe um número maior que zero at state visible</msg>
<arg>css=.alert-error &gt;&gt; text=Informe um número maior que zero</arg>
<arg>visible</arg>
<arg>5</arg>
<tag>PageContent</tag>
<tag>Wait</tag>
<doc>Waits for the element found by ``selector`` to satisfy state option.</doc>
<status status="PASS" start="2024-08-24T09:31:49.466499" elapsed="0.018960"/>
</kw>
<kw name="Wait For Elements State" owner="Browser">
<msg time="2024-08-24T09:31:49.494456" level="INFO">Waited for Element with selector css=.alert-error &gt;&gt; text=Informe um número maior que zero at state visible</msg>
<arg>css=.alert-error &gt;&gt; text=Informe um número maior que zero</arg>
<arg>visible</arg>
<arg>5</arg>
<tag>PageContent</tag>
<tag>Wait</tag>
<doc>Waits for the element found by ``selector`` to satisfy state option.</doc>
<status status="PASS" start="2024-08-24T09:31:49.485459" elapsed="0.008997"/>
</kw>
<kw name="Finish session" owner="base">
<kw name="Take Screenshot" owner="Browser">
<msg time="2024-08-24T09:31:49.734281" level="INFO" html="true">&lt;/td&gt;&lt;/tr&gt;&lt;tr&gt;&lt;td colspan="3"&gt;&lt;a href="browser/screenshot/robotframework-browser-screenshot-1.png" target="_blank"&gt;&lt;img src="browser/screenshot/robotframework-browser-screenshot-1.png" width="800px"/&gt;&lt;/a&gt;</msg>
<arg>fullPage=True</arg>
<tag>PageContent</tag>
<doc>Takes a screenshot of the current window or element and saves it to disk.</doc>
<status status="PASS" start="2024-08-24T09:31:49.494456" elapsed="0.240838"/>
</kw>
<status status="PASS" start="2024-08-24T09:31:49.494456" elapsed="0.240838"/>
</kw>
<tag>required</tag>
<status status="PASS" start="2024-08-24T09:31:46.998343" elapsed="2.737956"/>
</test>
<doc>Suite de testes de cadastro de dog walker</doc>
<status status="PASS" start="2024-08-24T09:31:45.556604" elapsed="4.277454"/>
</suite>
<statistics>
<total>
<stat pass="1" fail="0" skip="0">All Tests</stat>
</total>
<tag>
<stat pass="1" fail="0" skip="0">required</stat>
</tag>
<suite>
<stat pass="1" fail="0" skip="0" id="s1" name="Signup">Signup</stat>
</suite>
</statistics>
<errors>
</errors>
</robot>
