<?xml version="1.0" encoding="UTF-8"?>
<robot generator="Robot 7.0.1 (Python 3.12.5 on win32)" generated="2024-08-24T00:07:08.164721" rpa="false" schemaversion="5">
<suite id="s1" name="QAx" source="C:\QAx">
<suite id="s1-s1" name="Projects" source="C:\QAx\projects">
<suite id="s1-s1-s1" name="Walkdog-Robot" source="C:\QAx\projects\walkdog-robot">
<suite id="s1-s1-s1-s1" name="Testes" source="C:\QAx\projects\walkdog-robot\testes">
<suite id="s1-s1-s1-s1-s1" name="Signup" source="C:\QAx\projects\walkdog-robot\testes\signup.robot">
<test id="s1-s1-s1-s1-s1-t1" name="Deve poder cadastrar um dog walker" line="7">
<kw name="Create Dictionary" owner="BuiltIn">
<msg time="2024-08-24T00:07:09.611301" level="INFO">${dog_walker} = {'name': 'Rafael Bertolai', 'email': 'rafaelbertolai2@gmail.com', 'cpf': '00000014141', 'cep': '05564200', 'street': 'Avenida Engenheiro Heitor Antônio Eiras Garcia', 'district': 'Jardim Esmeralda', '...</msg>
<var>${dog_walker}</var>
<arg>name=Rafael Bertolai</arg>
<arg>email=rafaelbertolai2@gmail.com</arg>
<arg>cpf=00000014141</arg>
<arg>cep=05564200</arg>
<arg>street=Avenida Engenheiro Heitor Antônio Eiras Garcia</arg>
<arg>district=Jardim Esmeralda</arg>
<arg>city_uf=São Paulo/SP</arg>
<arg>number=6278</arg>
<arg>details=Casa 6</arg>
<arg>cnh=toretto.jpg</arg>
<doc>Creates and returns a dictionary based on the given ``items``.</doc>
<status status="PASS" start="2024-08-24T00:07:09.611301" elapsed="0.000000"/>
</kw>
<kw name="Abertura da pagina de cadastro de walkdog" owner="signup">
<kw name="New Browser" owner="Browser">
<msg time="2024-08-24T00:07:09.622821" level="INFO">{"browser": "chromium", "headless": false, "chromiumSandbox": false, "devtools": false, "handleSIGHUP": true, "handleSIGINT": true, "handleSIGTERM": true, "slowMo": 0.0, "timeout": 30000.0, "tracesDir": "C:\\QAx\\results\\browser\\traces\\0be41c59-bdbc-484b-bd95-13062e0e9c82"}</msg>
<msg time="2024-08-24T00:07:10.140666" level="INFO">Successfully created browser with options: {"browser":"chromium","headless":false,"chromiumSandbox":false,"devtools":false,"handleSIGHUP":true,"handleSIGINT":true,"handleSIGTERM":true,"slowMo":0,"timeout":30000,"tracesDir":"C:\\QAx\\results\\browser\\traces\\0be41c59-bdbc-484b-bd95-13062e0e9c82"}</msg>
<arg>browser=chromium</arg>
<arg>headless=False</arg>
<tag>BrowserControl</tag>
<tag>Setter</tag>
<doc>Create a new playwright Browser with specified options.</doc>
<status status="PASS" start="2024-08-24T00:07:09.611301" elapsed="0.529365"/>
</kw>
<kw name="New Page" owner="Browser">
<msg time="2024-08-24T00:07:11.494567" level="INFO">Successfully initialized new page object and opened url: https://walkdog.vercel.app/signup</msg>
<msg time="2024-08-24T00:07:11.495547" level="INFO">No context was open. New context was automatically opened when this page is created.</msg>
<arg>https://walkdog.vercel.app/signup</arg>
<tag>BrowserControl</tag>
<tag>Setter</tag>
<doc>Open a new Page.</doc>
<status status="PASS" start="2024-08-24T00:07:10.140666" elapsed="1.354881"/>
</kw>
<kw name="Wait For Elements State" owner="Browser">
<msg time="2024-08-24T00:07:11.545738" level="INFO">Waited for Element with selector form h1 at state visible</msg>
<arg>form h1</arg>
<arg>visible</arg>
<arg>5000</arg>
<tag>PageContent</tag>
<tag>Wait</tag>
<doc>Waits for the element found by ``selector`` to satisfy state option.</doc>
<status status="PASS" start="2024-08-24T00:07:11.495547" elapsed="0.051202"/>
</kw>
<kw name="Get Text" owner="Browser">
<msg time="2024-08-24T00:07:11.590516" level="INFO">Text: 'Faça seu cadastro'</msg>
<arg>form h1</arg>
<arg>equal</arg>
<arg>Faça seu cadastro</arg>
<tag>Assertion</tag>
<tag>Getter</tag>
<tag>PageContent</tag>
<doc>Returns text attribute of the element found by ``selector``.</doc>
<status status="PASS" start="2024-08-24T00:07:11.546749" elapsed="0.043767"/>
</kw>
<status status="PASS" start="2024-08-24T00:07:09.611301" elapsed="1.979215"/>
</kw>
<kw name="Preencher os dados do formulario" owner="signup">
<kw name="Fill Text" owner="Browser">
<msg time="2024-08-24T00:07:11.590516" level="INFO">Fills the text 'Rafael Bertolai' in the given field.</msg>
<arg>css=input[name=name]</arg>
<arg>${dog_walker}[name]</arg>
<tag>PageContent</tag>
<tag>Setter</tag>
<doc>Clears and fills the given ``txt`` into the text field found by ``selector``.</doc>
<status status="PASS" start="2024-08-24T00:07:11.590516" elapsed="0.027701"/>
</kw>
<kw name="Fill Text" owner="Browser">
<msg time="2024-08-24T00:07:11.624750" level="INFO">Fills the text 'rafaelbertolai2@gmail.com' in the given field.</msg>
<arg>css=input[name=email]</arg>
<arg>${dog_walker}[email]</arg>
<tag>PageContent</tag>
<tag>Setter</tag>
<doc>Clears and fills the given ``txt`` into the text field found by ``selector``.</doc>
<status status="PASS" start="2024-08-24T00:07:11.622758" elapsed="0.041492"/>
</kw>
<kw name="Fill Text" owner="Browser">
<msg time="2024-08-24T00:07:11.664250" level="INFO">Fills the text '00000014141' in the given field.</msg>
<arg>css=input[name=cpf]</arg>
<arg>${dog_walker}[cpf]</arg>
<tag>PageContent</tag>
<tag>Setter</tag>
<doc>Clears and fills the given ``txt`` into the text field found by ``selector``.</doc>
<status status="PASS" start="2024-08-24T00:07:11.664250" elapsed="0.034122"/>
</kw>
<kw name="Fill Text" owner="Browser">
<msg time="2024-08-24T00:07:11.698372" level="INFO">Fills the text '05564200' in the given field.</msg>
<arg>css=input[name=cep]</arg>
<arg>${dog_walker}[cep]</arg>
<tag>PageContent</tag>
<tag>Setter</tag>
<doc>Clears and fills the given ``txt`` into the text field found by ``selector``.</doc>
<status status="PASS" start="2024-08-24T00:07:11.698372" elapsed="0.030994"/>
</kw>
<kw name="Click" owner="Browser">
<msg time="2024-08-24T00:07:11.730707" level="INFO">Clicks the element 'css=input[type=button][value$=CEP]'.</msg>
<arg>css=input[type=button][value$=CEP]</arg>
<tag>PageContent</tag>
<tag>Setter</tag>
<doc>Simulates mouse click on the element found by ``selector``.</doc>
<status status="PASS" start="2024-08-24T00:07:11.730043" elapsed="0.062478"/>
</kw>
<kw name="Get Property" owner="Browser">
<msg time="2024-08-24T00:07:12.229141" level="INFO">Property: 'Avenida Engenheiro Heitor Antônio Eiras Garcia'</msg>
<arg>css=input[name=addressStreet]</arg>
<arg>value</arg>
<arg>equal</arg>
<arg>${dog_walker}[street]</arg>
<tag>Assertion</tag>
<tag>Getter</tag>
<tag>PageContent</tag>
<doc>Returns the ``property`` of the element found by ``selector``.</doc>
<status status="PASS" start="2024-08-24T00:07:11.792521" elapsed="0.436620"/>
</kw>
<kw name="Get Property" owner="Browser">
<msg time="2024-08-24T00:07:12.249289" level="INFO">Property: 'Jardim Esmeralda'</msg>
<arg>css=input[name=addressDistrict]</arg>
<arg>value</arg>
<arg>equal</arg>
<arg>${dog_walker}[district]</arg>
<tag>Assertion</tag>
<tag>Getter</tag>
<tag>PageContent</tag>
<doc>Returns the ``property`` of the element found by ``selector``.</doc>
<status status="PASS" start="2024-08-24T00:07:12.229141" elapsed="0.021183"/>
</kw>
<kw name="Get Property" owner="Browser">
<msg time="2024-08-24T00:07:12.257315" level="INFO">Property: 'São Paulo/SP'</msg>
<arg>css=input[name=addressCityUf]</arg>
<arg>value</arg>
<arg>equal</arg>
<arg>${dog_walker}[city_uf]</arg>
<tag>Assertion</tag>
<tag>Getter</tag>
<tag>PageContent</tag>
<doc>Returns the ``property`` of the element found by ``selector``.</doc>
<status status="PASS" start="2024-08-24T00:07:12.250324" elapsed="0.006991"/>
</kw>
<kw name="Fill Text" owner="Browser">
<msg time="2024-08-24T00:07:12.257315" level="INFO">Fills the text '6278' in the given field.</msg>
<arg>css=input[name=addressNumber]</arg>
<arg>${dog_walker}[number]</arg>
<tag>PageContent</tag>
<tag>Setter</tag>
<doc>Clears and fills the given ``txt`` into the text field found by ``selector``.</doc>
<status status="PASS" start="2024-08-24T00:07:12.257315" elapsed="0.034416"/>
</kw>
<kw name="Fill Text" owner="Browser">
<msg time="2024-08-24T00:07:12.293733" level="INFO">Fills the text 'Casa 6' in the given field.</msg>
<arg>css=input[name=addressDetails]</arg>
<arg>${dog_walker}[details]</arg>
<tag>PageContent</tag>
<tag>Setter</tag>
<doc>Clears and fills the given ``txt`` into the text field found by ``selector``.</doc>
<status status="PASS" start="2024-08-24T00:07:12.292731" elapsed="0.024871"/>
</kw>
<kw name="Upload File By Selector" owner="Browser">
<msg time="2024-08-24T00:07:12.319611" level="FAIL">ValueError: Nonexistent input file path 'C:\QAx\resources\fixtures\toretto.jpg'</msg>
<arg>css=input[type=file]</arg>
<arg>${EXECDIR}/resources/fixtures/${dog_walker}[cnh]</arg>
<tag>PageContent</tag>
<tag>Setter</tag>
<doc>Uploads file from `path` to file input element matched by selector.</doc>
<status status="FAIL" start="2024-08-24T00:07:12.318611" elapsed="0.002251">ValueError: Nonexistent input file path 'C:\QAx\resources\fixtures\toretto.jpg'</status>
</kw>
<arg>${dog_walker}</arg>
<status status="FAIL" start="2024-08-24T00:07:11.590516" elapsed="0.730346">ValueError: Nonexistent input file path 'C:\QAx\resources\fixtures\toretto.jpg'</status>
</kw>
<kw name="Enviar formulario" owner="signup">
<status status="NOT RUN" start="2024-08-24T00:07:12.320862" elapsed="0.000000"/>
</kw>
<kw name="Validar mensagem de sucesso" owner="signup">
<arg>Recebemos o seu cadastro e em breve retornaremos o contato.</arg>
<status status="NOT RUN" start="2024-08-24T00:07:12.320862" elapsed="0.000000"/>
</kw>
<kw name="Screenshot do teste finalizado" owner="signup">
<status status="NOT RUN" start="2024-08-24T00:07:12.320862" elapsed="0.000000"/>
</kw>
<status status="FAIL" start="2024-08-24T00:07:09.604036" elapsed="2.716826">ValueError: Nonexistent input file path 'C:\QAx\resources\fixtures\toretto.jpg'</status>
</test>
<doc>Suite de testes de cadastro de dog walker</doc>
<status status="FAIL" start="2024-08-24T00:07:08.203316" elapsed="4.261135"/>
</suite>
<status status="FAIL" start="2024-08-24T00:07:08.200606" elapsed="4.282099"/>
</suite>
<status status="FAIL" start="2024-08-24T00:07:08.192440" elapsed="4.293266"/>
</suite>
<status status="FAIL" start="2024-08-24T00:07:08.192440" elapsed="4.297592"/>
</suite>
<status status="FAIL" start="2024-08-24T00:07:08.168722" elapsed="4.328336"/>
</suite>
<statistics>
<total>
<stat pass="0" fail="1" skip="0">All Tests</stat>
</total>
<tag>
</tag>
<suite>
<stat pass="0" fail="1" skip="0" id="s1" name="QAx">QAx</stat>
<stat pass="0" fail="1" skip="0" id="s1-s1" name="Projects">QAx.Projects</stat>
<stat pass="0" fail="1" skip="0" id="s1-s1-s1" name="Walkdog-Robot">QAx.Projects.Walkdog-Robot</stat>
<stat pass="0" fail="1" skip="0" id="s1-s1-s1-s1" name="Testes">QAx.Projects.Walkdog-Robot.Testes</stat>
<stat pass="0" fail="1" skip="0" id="s1-s1-s1-s1-s1" name="Signup">QAx.Projects.Walkdog-Robot.Testes.Signup</stat>
</suite>
</statistics>
<errors>
</errors>
</robot>
